


ARM Macro Assembler    Page 1 


    1 00000000         ; <<< Use Configuration Wizard in Context Menu >>>
    2 00000000         ;*******************************************************
                       ***********************
    3 00000000         ;
    4 00000000         ; startup_rvmdk.S - Startup code for use with Keil's uVi
                       sion.
    5 00000000         ;
    6 00000000         ; Copyright (c) 2013 Texas Instruments Incorporated.  Al
                       l rights reserved.
    7 00000000         ; Software License Agreement
    8 00000000         ; 
    9 00000000         ;   Redistribution and use in source and binary forms, w
                       ith or without
   10 00000000         ;   modification, are permitted provided that the follow
                       ing conditions
   11 00000000         ;   are met:
   12 00000000         ; 
   13 00000000         ;   Redistributions of source code must retain the above
                        copyright
   14 00000000         ;   notice, this list of conditions and the following di
                       sclaimer.
   15 00000000         ; 
   16 00000000         ;   Redistributions in binary form must reproduce the ab
                       ove copyright
   17 00000000         ;   notice, this list of conditions and the following di
                       sclaimer in the
   18 00000000         ;   documentation and/or other materials provided with t
                       he  
   19 00000000         ;   distribution.
   20 00000000         ; 
   21 00000000         ;   Neither the name of Texas Instruments Incorporated n
                       or the names of
   22 00000000         ;   its contributors may be used to endorse or promote p
                       roducts derived
   23 00000000         ;   from this software without specific prior written pe
                       rmission.
   24 00000000         ; 
   25 00000000         ; THIS SOFTWARE IS PROVIDED BY THE COPYRIGHT HOLDERS AND
                        CONTRIBUTORS
   26 00000000         ; "AS IS" AND ANY EXPRESS OR IMPLIED WARRANTIES, INCLUDI
                       NG, BUT NOT
   27 00000000         ; LIMITED TO, THE IMPLIED WARRANTIES OF MERCHANTABILITY 
                       AND FITNESS FOR
   28 00000000         ; A PARTICULAR PURPOSE ARE DISCLAIMED. IN NO EVENT SHALL
                        THE COPYRIGHT
   29 00000000         ; OWNER OR CONTRIBUTORS BE LIABLE FOR ANY DIRECT, INDIRE
                       CT, INCIDENTAL,
   30 00000000         ; SPECIAL, EXEMPLARY, OR CONSEQUENTIAL DAMAGES (INCLUDIN
                       G, BUT NOT
   31 00000000         ; LIMITED TO, PROCUREMENT OF SUBSTITUTE GOODS OR SERVICE
                       S; LOSS OF USE,
   32 00000000         ; DATA, OR PROFITS; OR BUSINESS INTERRUPTION) HOWEVER CA
                       USED AND ON ANY
   33 00000000         ; THEORY OF LIABILITY, WHETHER IN CONTRACT, STRICT LIABI
                       LITY, OR TORT
   34 00000000         ; (INCLUDING NEGLIGENCE OR OTHERWISE) ARISING IN ANY WAY
                        OUT OF THE USE
   35 00000000         ; OF THIS SOFTWARE, EVEN IF ADVISED OF THE POSSIBILITY O
                       F SUCH DAMAGE.



ARM Macro Assembler    Page 2 


   36 00000000         ; 
   37 00000000         ; This is part of revision 2.0.1.11577 of the Tiva Firmw
                       are Development Package.
   38 00000000         ;
   39 00000000         ;*******************************************************
                       ***********************
   40 00000000         
   41 00000000         ;*******************************************************
                       ***********************
   42 00000000         ;
   43 00000000         ; <o> Stack Size (in Bytes) <0x0-0xFFFFFFFF:8>
   44 00000000         ;
   45 00000000         ;*******************************************************
                       ***********************
   46 00000000 00000400 
                       Stack   EQU              0x00000400  ;堆栈大小
   47 00000000 00008000 
                       RAM_SIZE
                               EQU              0x8000      ;内存大小
   48 00000000         
   49 00000000         ;*******************************************************
                       ***********************
   50 00000000         ;
   51 00000000         ; <o> Heap Size (in Bytes) <0x0-0xFFFFFFFF:8>
   52 00000000         ;
   53 00000000         ;*******************************************************
                       ***********************
   54 00000000 00000000 
                       Heap    EQU              0x00000000
   55 00000000         
   56 00000000         ;*******************************************************
                       ***********************
   57 00000000         ;
   58 00000000         ; Allocate space for the stack.
   59 00000000         ;
   60 00000000         ;*******************************************************
                       ***********************
   61 00000000                 AREA             STACK, NOINIT, READWRITE, ALIGN
=3
   62 00000000         StackMem
   63 00000000                 SPACE            Stack
   64 00000400         __initial_sp
   65 00000400         
   66 00000400         ;*******************************************************
                       ***********************
   67 00000400         ;
   68 00000400         ; Allocate space for the heap.
   69 00000400         ;
   70 00000400         ;*******************************************************
                       ***********************
   71 00000400                 AREA             HEAP, NOINIT, READWRITE, ALIGN=
3
   72 00000000         __heap_base
   73 00000000         HeapMem
   74 00000000                 SPACE            Heap
   75 00000000         __heap_limit
   76 00000000         
   77 00000000         ;*******************************************************
                       ***********************



ARM Macro Assembler    Page 3 


   78 00000000         ;
   79 00000000         ; Indicate that the code in this file preserves 8-byte a
                       lignment of the stack.
   80 00000000         ;
   81 00000000         ;*******************************************************
                       ***********************
   82 00000000                 PRESERVE8
   83 00000000         
   84 00000000         ;*******************************************************
                       ***********************
   85 00000000         ;
   86 00000000         ; Place code into the reset code section.
   87 00000000         ;
   88 00000000         ;*******************************************************
                       ***********************
   89 00000000                 AREA             RESET, CODE, READONLY
   90 00000000                 THUMB
   91 00000000                 IMPORT           WatchDogHandler
   92 00000000                 IMPORT           SysTickIntHandler
   93 00000000                 IMPORT           ADC0Handler
   94 00000000                 IMPORT           UART0IntHandler
   95 00000000                 IMPORT           UART1IntHandler
   96 00000000                 IMPORT           UART3IntHandler
   97 00000000                 IMPORT           UART5IntHandler
   98 00000000                 IMPORT           UART6IntHandler
   99 00000000                 IMPORT           Timer0AIntHandler ; Timer 0 sub
                                                            timer A
  100 00000000                 IMPORT           Timer0BIntHandler ; Timer 0 sub
                                                            timer B
  101 00000000                 IMPORT           Timer1AIntHandler ; Timer 1 sub
                                                            timer A
  102 00000000                 IMPORT           Timer1BIntHandler ; Timer 1 sub
                                                            timer B
  103 00000000                 IMPORT           Timer2AIntHandler ; Timer 2 sub
                                                            timer A
  104 00000000                 IMPORT           Timer2BIntHandler ; Timer 2 sub
                                                            timer B
  105 00000000                 IMPORT           Timer3AIntHandler ; Timer 3 sub
                                                            timer A
  106 00000000                 IMPORT           Timer3BIntHandler ; Timer 3 sub
                                                            timer B
  107 00000000                 IMPORT           Timer4AIntHandler ; Timer 4 sub
                                                            timer A
  108 00000000                 IMPORT           Timer4BIntHandler ; Timer 4 sub
                                                            timer B 
  109 00000000                 IMPORT           Timer5AIntHandler ; Timer 5 sub
                                                            timer A       
  110 00000000                 IMPORT           GPIOAHandler
  111 00000000                 IMPORT           GPIOMHandler
  112 00000000                 IMPORT           GPIONHandler
  113 00000000                 IMPORT           CAN0Handler
  114 00000000                 IMPORT           CAN1Handler
  115 00000000         ;*******************************************************
                       ***********************
  116 00000000         ;
  117 00000000         ; The vector table.
  118 00000000         ;
  119 00000000         ;*******************************************************
                       ***********************



ARM Macro Assembler    Page 4 


  120 00000000                 EXPORT           __Vectors
  121 00000000         __Vectors
  122 00000000 00000400        DCD              StackMem + Stack ; Top of Stack
                                                            
  123 00000004 00000000        DCD              Reset_Handler ; Reset Handler
  124 00000008 00000000        DCD              NmiSR       ; NMI Handler
  125 0000000C 00000000        DCD              FaultISR    ; Hard Fault Handle
                                                            r
  126 00000010 00000000        DCD              IntDefaultHandler ; The MPU fau
                                                            lt handler
  127 00000014 00000000        DCD              IntDefaultHandler ; The bus fau
                                                            lt handler
  128 00000018 00000000        DCD              IntDefaultHandler ; The usage f
                                                            ault handler
  129 0000001C 00000000        DCD              0           ; Reserved
  130 00000020 00000000        DCD              0           ; Reserved
  131 00000024 00000000        DCD              0           ; Reserved
  132 00000028 00000000        DCD              0           ; Reserved
  133 0000002C 00000000        DCD              IntDefaultHandler 
                                                            ; SVCall handler
  134 00000030 00000000        DCD              IntDefaultHandler ; Debug monit
                                                            or handler
  135 00000034 00000000        DCD              0           ; Reserved
  136 00000038 00000000        DCD              IntDefaultHandler ; The PendSV 
                                                            handler
  137 0000003C 00000000        DCD              SysTickIntHandler ; The SysTick
                                                             handler
  138 00000040 00000000        DCD              GPIOAHandler ; GPIO Port A
  139 00000044 00000000        DCD              IntDefaultHandler ; GPIO Port B
                                                            
  140 00000048 00000000        DCD              IntDefaultHandler ; GPIO Port C
                                                            
  141 0000004C 00000000        DCD              IntDefaultHandler ; GPIO Port D
                                                            
  142 00000050 00000000        DCD              IntDefaultHandler ; GPIO Port E
                                                            
  143 00000054 00000000        DCD              UART0IntHandler 
                                                            ; UART0 Rx and Tx
  144 00000058 00000000        DCD              UART1IntHandler 
                                                            ; UART1 Rx and Tx
  145 0000005C 00000000        DCD              IntDefaultHandler 
                                                            ; SSI0 Rx and Tx
  146 00000060 00000000        DCD              IntDefaultHandler ; I2C0 Master
                                                             and Slave
  147 00000064 00000000        DCD              IntDefaultHandler ; PWM Fault
  148 00000068 00000000        DCD              IntDefaultHandler 
                                                            ; PWM Generator 0
  149 0000006C 00000000        DCD              IntDefaultHandler 
                                                            ; PWM Generator 1
  150 00000070 00000000        DCD              IntDefaultHandler 
                                                            ; PWM Generator 2
  151 00000074 00000000        DCD              IntDefaultHandler ; Quadrature 
                                                            Encoder 0
  152 00000078 00000000        DCD              ADC0Handler ; ADC Sequence 0
  153 0000007C 00000000        DCD              IntDefaultHandler 
                                                            ; ADC Sequence 1
  154 00000080 00000000        DCD              IntDefaultHandler 
                                                            ; ADC Sequence 2
  155 00000084 00000000        DCD              IntDefaultHandler 



ARM Macro Assembler    Page 5 


                                                            ; ADC Sequence 3
  156 00000088 00000000        DCD              WatchDogHandler 
                                                            ; Watchdog timer
  157 0000008C 00000000        DCD              Timer0AIntHandler ; Timer 0 sub
                                                            timer A
  158 00000090 00000000        DCD              Timer0BIntHandler ; Timer 0 sub
                                                            timer B
  159 00000094 00000000        DCD              Timer1AIntHandler ; Timer 1 sub
                                                            timer A
  160 00000098 00000000        DCD              Timer1BIntHandler ; Timer 1 sub
                                                            timer B
  161 0000009C 00000000        DCD              Timer2AIntHandler ; Timer 2 sub
                                                            timer A
  162 000000A0 00000000        DCD              Timer2BIntHandler ; Timer 2 sub
                                                            timer B
  163 000000A4 00000000        DCD              IntDefaultHandler ; Analog Comp
                                                            arator 0
  164 000000A8 00000000        DCD              IntDefaultHandler ; Analog Comp
                                                            arator 1
  165 000000AC 00000000        DCD              IntDefaultHandler ; Analog Comp
                                                            arator 2
  166 000000B0 00000000        DCD              IntDefaultHandler ; System Cont
                                                            rol (PLL, OSC, BO)
  167 000000B4 00000000        DCD              IntDefaultHandler 
                                                            ; FLASH Control
  168 000000B8 00000000        DCD              IntDefaultHandler ; GPIO Port F
                                                            
  169 000000BC 00000000        DCD              IntDefaultHandler ; GPIO Port G
                                                            
  170 000000C0 00000000        DCD              IntDefaultHandler ; GPIO Port H
                                                            
  171 000000C4 00000000        DCD              IntDefaultHandler 
                                                            ; UART2 Rx and Tx
  172 000000C8 00000000        DCD              IntDefaultHandler 
                                                            ; SSI1 Rx and Tx
  173 000000CC 00000000        DCD              Timer3AIntHandler ; Timer 3 sub
                                                            timer A
  174 000000D0 00000000        DCD              Timer3BIntHandler ; Timer 3 sub
                                                            timer B
  175 000000D4 00000000        DCD              IntDefaultHandler ; I2C1 Master
                                                             and Slave
  176 000000D8 00000000        DCD              IntDefaultHandler ; Quadrature 
                                                            Encoder 1
  177 000000DC 00000000        DCD              CAN0Handler ; CAN0
  178 000000E0 00000000        DCD              CAN1Handler ; CAN1
  179 000000E4 00000000        DCD              IntDefaultHandler ; CAN2
  180 000000E8 00000000        DCD              0           ; Reserved
  181 000000EC 00000000        DCD              IntDefaultHandler ; Hibernate
  182 000000F0 00000000        DCD              IntDefaultHandler ; USB0
  183 000000F4 00000000        DCD              IntDefaultHandler 
                                                            ; PWM Generator 3
  184 000000F8 00000000        DCD              IntDefaultHandler ; uDMA Softwa
                                                            re Transfer
  185 000000FC 00000000        DCD              IntDefaultHandler ; uDMA Error
  186 00000100 00000000        DCD              IntDefaultHandler 
                                                            ; ADC1 Sequence 0
  187 00000104 00000000        DCD              IntDefaultHandler 
                                                            ; ADC1 Sequence 1
  188 00000108 00000000        DCD              IntDefaultHandler 



ARM Macro Assembler    Page 6 


                                                            ; ADC1 Sequence 2
  189 0000010C 00000000        DCD              IntDefaultHandler 
                                                            ; ADC1 Sequence 3
  190 00000110 00000000        DCD              0           ; Reserved
  191 00000114 00000000        DCD              0           ; Reserved
  192 00000118 00000000        DCD              IntDefaultHandler ; GPIO Port J
                                                            
  193 0000011C 00000000        DCD              IntDefaultHandler ; GPIO Port K
                                                            
  194 00000120 00000000        DCD              IntDefaultHandler ; GPIO Port L
                                                            
  195 00000124 00000000        DCD              IntDefaultHandler 
                                                            ; SSI2 Rx and Tx
  196 00000128 00000000        DCD              IntDefaultHandler 
                                                            ; SSI3 Rx and Tx
  197 0000012C 00000000        DCD              UART3IntHandler 
                                                            ; UART3 Rx and Tx
  198 00000130 00000000        DCD              IntDefaultHandler 
                                                            ; UART4 Rx and Tx
  199 00000134 00000000        DCD              UART5IntHandler 
                                                            ; UART5 Rx and Tx
  200 00000138 00000000        DCD              UART6IntHandler 
                                                            ; UART6 Rx and Tx
  201 0000013C 00000000        DCD              IntDefaultHandler 
                                                            ; UART7 Rx and Tx
  202 00000140 00000000        DCD              0           ; Reserved
  203 00000144 00000000        DCD              0           ; Reserved
  204 00000148 00000000        DCD              0           ; Reserved
  205 0000014C 00000000        DCD              0           ; Reserved
  206 00000150 00000000        DCD              IntDefaultHandler ; I2C2 Master
                                                             and Slave
  207 00000154 00000000        DCD              IntDefaultHandler ; I2C3 Master
                                                             and Slave
  208 00000158 00000000        DCD              Timer4AIntHandler ; Timer 4 sub
                                                            timer A
  209 0000015C 00000000        DCD              Timer4BIntHandler ; Timer 4 sub
                                                            timer B
  210 00000160 00000000        DCD              0           ; Reserved
  211 00000164 00000000        DCD              0           ; Reserved
  212 00000168 00000000        DCD              0           ; Reserved
  213 0000016C 00000000        DCD              0           ; Reserved
  214 00000170 00000000        DCD              0           ; Reserved
  215 00000174 00000000        DCD              0           ; Reserved
  216 00000178 00000000        DCD              0           ; Reserved
  217 0000017C 00000000        DCD              0           ; Reserved
  218 00000180 00000000        DCD              0           ; Reserved
  219 00000184 00000000        DCD              0           ; Reserved
  220 00000188 00000000        DCD              0           ; Reserved
  221 0000018C 00000000        DCD              0           ; Reserved
  222 00000190 00000000        DCD              0           ; Reserved
  223 00000194 00000000        DCD              0           ; Reserved
  224 00000198 00000000        DCD              0           ; Reserved
  225 0000019C 00000000        DCD              0           ; Reserved
  226 000001A0 00000000        DCD              0           ; Reserved
  227 000001A4 00000000        DCD              0           ; Reserved
  228 000001A8 00000000        DCD              0           ; Reserved
  229 000001AC 00000000        DCD              0           ; Reserved
  230 000001B0 00000000        DCD              Timer5AIntHandler ; Timer 5 sub
                                                            timer A



ARM Macro Assembler    Page 7 


  231 000001B4 00000000        DCD              IntDefaultHandler ; Timer 5 sub
                                                            timer B
  232 000001B8 00000000        DCD              IntDefaultHandler ; Wide Timer 
                                                            0 subtimer A
  233 000001BC 00000000        DCD              IntDefaultHandler ; Wide Timer 
                                                            0 subtimer B
  234 000001C0 00000000        DCD              IntDefaultHandler ; Wide Timer 
                                                            1 subtimer A
  235 000001C4 00000000        DCD              IntDefaultHandler ; Wide Timer 
                                                            1 subtimer B
  236 000001C8 00000000        DCD              IntDefaultHandler ; Wide Timer 
                                                            2 subtimer A
  237 000001CC 00000000        DCD              IntDefaultHandler ; Wide Timer 
                                                            2 subtimer B
  238 000001D0 00000000        DCD              IntDefaultHandler ; Wide Timer 
                                                            3 subtimer A
  239 000001D4 00000000        DCD              IntDefaultHandler ; Wide Timer 
                                                            3 subtimer B
  240 000001D8 00000000        DCD              IntDefaultHandler ; Wide Timer 
                                                            4 subtimer A
  241 000001DC 00000000        DCD              IntDefaultHandler ; Wide Timer 
                                                            4 subtimer B
  242 000001E0 00000000        DCD              IntDefaultHandler ; Wide Timer 
                                                            5 subtimer A
  243 000001E4 00000000        DCD              IntDefaultHandler ; Wide Timer 
                                                            5 subtimer B
  244 000001E8 00000000        DCD              IntDefaultHandler ; FPU
  245 000001EC 00000000        DCD              IntDefaultHandler ; PECI 0
  246 000001F0 00000000        DCD              IntDefaultHandler ; LPC 0
  247 000001F4 00000000        DCD              IntDefaultHandler ; I2C4 Master
                                                             and Slave
  248 000001F8 00000000        DCD              IntDefaultHandler ; I2C5 Master
                                                             and Slave
  249 000001FC 00000000        DCD              GPIOMHandler ; GPIO Port M
  250 00000200 00000000        DCD              GPIONHandler ; GPIO Port N
  251 00000204 00000000        DCD              IntDefaultHandler ; Quadrature 
                                                            Encoder 2
  252 00000208 00000000        DCD              IntDefaultHandler ; Fan 0
  253 0000020C 00000000        DCD              0           ; Reserved
  254 00000210 00000000        DCD              IntDefaultHandler ; GPIO Port P
                                                             (Summary or P0)
  255 00000214 00000000        DCD              IntDefaultHandler 
                                                            ; GPIO Port P1
  256 00000218 00000000        DCD              IntDefaultHandler 
                                                            ; GPIO Port P2
  257 0000021C 00000000        DCD              IntDefaultHandler 
                                                            ; GPIO Port P3
  258 00000220 00000000        DCD              IntDefaultHandler 
                                                            ; GPIO Port P4
  259 00000224 00000000        DCD              IntDefaultHandler 
                                                            ; GPIO Port P5
  260 00000228 00000000        DCD              IntDefaultHandler 
                                                            ; GPIO Port P6
  261 0000022C 00000000        DCD              IntDefaultHandler 
                                                            ; GPIO Port P7
  262 00000230 00000000        DCD              IntDefaultHandler ; GPIO Port Q
                                                             (Summary or Q0)
  263 00000234 00000000        DCD              IntDefaultHandler 
                                                            ; GPIO Port Q1



ARM Macro Assembler    Page 8 


  264 00000238 00000000        DCD              IntDefaultHandler 
                                                            ; GPIO Port Q2
  265 0000023C 00000000        DCD              IntDefaultHandler 
                                                            ; GPIO Port Q3
  266 00000240 00000000        DCD              IntDefaultHandler 
                                                            ; GPIO Port Q4
  267 00000244 00000000        DCD              IntDefaultHandler 
                                                            ; GPIO Port Q5
  268 00000248 00000000        DCD              IntDefaultHandler 
                                                            ; GPIO Port Q6
  269 0000024C 00000000        DCD              IntDefaultHandler 
                                                            ; GPIO Port Q7
  270 00000250 00000000        DCD              IntDefaultHandler ; GPIO Port R
                                                            
  271 00000254 00000000        DCD              IntDefaultHandler ; GPIO Port S
                                                            
  272 00000258 00000000        DCD              IntDefaultHandler 
                                                            ; PWM 1 Generator 0
                                                            
  273 0000025C 00000000        DCD              IntDefaultHandler 
                                                            ; PWM 1 Generator 1
                                                            
  274 00000260 00000000        DCD              IntDefaultHandler 
                                                            ; PWM 1 Generator 2
                                                            
  275 00000264 00000000        DCD              IntDefaultHandler 
                                                            ; PWM 1 Generator 3
                                                            
  276 00000268 00000000        DCD              IntDefaultHandler ; PWM 1 Fault
                                                            
  277 0000026C         
  278 0000026C         ;*******************************************************
                       ***********************
  279 0000026C         ;
  280 0000026C         ; This is the code that gets called when the processor f
                       irst starts execution
  281 0000026C         ; following a reset event.
  282 0000026C         ;
  283 0000026C         ;*******************************************************
                       ***********************
  284 0000026C                 EXPORT           Reset_Handler
  285 0000026C         Reset_Handler
  286 0000026C         ;
  287 0000026C         ; Enable the floating-point unit.  This must be done her
                       e to handle the
  288 0000026C         ; case where main() uses floating-point and the function
                        prologue saves
  289 0000026C         ; floating-point registers (which will fault if floating
                       -point is not
  290 0000026C         ; enabled).  Any configuration of the floating-point uni
                       t using
  291 0000026C         ; DriverLib APIs must be done here prior to the floating
                       -point unit
  292 0000026C         ; being enabled.
  293 0000026C         ;
  294 0000026C         ; Note that this does not use DriverLib since it might n
                       ot be included
  295 0000026C         ; in this project.
  296 0000026C         ;



ARM Macro Assembler    Page 9 


  297 0000026C         
  298 0000026C F64E 5088       MOVW             R0, #0xED88
  299 00000270 F2CE 0000       MOVT             R0, #0xE000
  300 00000274 6801            LDR              R1, [R0]
  301 00000276 F441 0170       ORR              R1, #0x00F00000
  302 0000027A 6001            STR              R1, [R0]
  303 0000027C         ;清理内存
  304 0000027C 2000            movs             r0, #0x00000000
  305 0000027E F04F 5100       ldr              r1, =0x20000000
  306 00000282 F501 4200       add              r2,r1, #RAM_SIZE
  307 00000286         zero_loop
  308 00000286 F841 0B04       str              r0, [r1], #4
  309 0000028A 4291            cmp              r1, r2
  310 0000028C DBFB            blt              zero_loop
  311 0000028E         
  312 0000028E         ;
  313 0000028E         ; Call the C library enty point that handles startup.  T
                       his will copy
  314 0000028E         ; the .data section initializers from flash to SRAM and 
                       zero fill the
  315 0000028E         ; .bss section.
  316 0000028E         ;
  317 0000028E                 IMPORT           __main
  318 0000028E F7FF BFFE       B                __main
  319 00000292         
  320 00000292         ;*******************************************************
                       ***********************
  321 00000292         ;
  322 00000292         ; This is the code that gets called when the processor r
                       eceives a NMI.  This
  323 00000292         ; simply enters an infinite loop, preserving the system 
                       state for examination
  324 00000292         ; by a debugger.
  325 00000292         ;
  326 00000292         ;*******************************************************
                       ***********************
  327 00000292         NmiSR
  328 00000292 E7FE            B                NmiSR
  329 00000294         
  330 00000294         ;*******************************************************
                       ***********************
  331 00000294         ;
  332 00000294         ; This is the code that gets called when the processor r
                       eceives a fault
  333 00000294         ; interrupt.  This simply enters an infinite loop, prese
                       rving the system state
  334 00000294         ; for examination by a debugger.
  335 00000294         ;
  336 00000294         ;*******************************************************
                       ***********************
  337 00000294         FaultISR
  338 00000294 E7FE            B                FaultISR
  339 00000296         
  340 00000296         ;*******************************************************
                       ***********************
  341 00000296         ;
  342 00000296         ; This is the code that gets called when the processor r
                       eceives an unexpected
  343 00000296         ; interrupt.  This simply enters an infinite loop, prese



ARM Macro Assembler    Page 10 


                       rving the system state
  344 00000296         ; for examination by a debugger.
  345 00000296         ;
  346 00000296         ;*******************************************************
                       ***********************
  347 00000296         IntDefaultHandler
  348 00000296 E7FE            B                IntDefaultHandler
  349 00000298         
  350 00000298         ;*******************************************************
                       ***********************
  351 00000298         ;
  352 00000298         ; Make sure the end of this section is aligned.
  353 00000298         ;
  354 00000298         ;*******************************************************
                       ***********************
  355 00000298                 ALIGN
  356 00000298         
  357 00000298         ;*******************************************************
                       ***********************
  358 00000298         ;
  359 00000298         ; Some code in the normal code section for initializing 
                       the heap and stack.
  360 00000298         ;
  361 00000298         ;*******************************************************
                       ***********************
  362 00000298                 AREA             |.text|, CODE, READONLY
  363 00000000         
  364 00000000         ;*******************************************************
                       ***********************
  365 00000000         ;
  366 00000000         ; The function expected of the C library startup code fo
                       r defining the stack
  367 00000000         ; and heap memory locations.  For the C library version 
                       of the startup code,
  368 00000000         ; provide this function so that the C library initializa
                       tion code can find out
  369 00000000         ; the location of the stack and heap.
  370 00000000         ;
  371 00000000         ;*******************************************************
                       ***********************
  372 00000000                 IF               :DEF: __MICROLIB
  373 00000000                 EXPORT           __initial_sp
  374 00000000                 EXPORT           __heap_base
  375 00000000                 EXPORT           __heap_limit
  376 00000000                 ELSE
  385                          ENDIF
  386 00000000         
  387 00000000         ;*******************************************************
                       ***********************
  388 00000000         ;
  389 00000000         ; Make sure the end of this section is aligned.
  390 00000000         ;
  391 00000000         ;*******************************************************
                       ***********************
  392 00000000                 ALIGN
  393 00000000         
  394 00000000         ;*******************************************************
                       ***********************
  395 00000000         ;



ARM Macro Assembler    Page 11 


  396 00000000         ; Tell the assembler that we're done.
  397 00000000         ;
  398 00000000         ;*******************************************************
                       ***********************
  399 00000000                 END
Command Line: --debug --xref --diag_suppress=9931 --cpu=Cortex-M4 --apcs=interw
ork --depend=.\startup_rvmdk.d -o.\startup_rvmdk.o -IE:\TM4C-gonghao\project\RT
E\_______ -ID:\Keil_v5.22\ARM\PACK\Keil\TM4C_DFP\1.1.0\Device\Include\TM4C123 -
ID:\Keil_v5.22\ARM\CMSIS\Include --predefine="__MICROLIB SETA 1" --predefine="_
_UVISION_VERSION SETA 522" --predefine="TM4C123BH6PGE SETA 1" --list=.\startup_
rvmdk.lst ..\user_c\startup_rvmdk.S



ARM Macro Assembler    Page 1 Alphabetic symbol ordering
Relocatable symbols

STACK 00000000

Symbol: STACK
   Definitions
      At line 61 in file ..\user_c\startup_rvmdk.S
   Uses
      None
Comment: STACK unused
StackMem 00000000

Symbol: StackMem
   Definitions
      At line 62 in file ..\user_c\startup_rvmdk.S
   Uses
      At line 122 in file ..\user_c\startup_rvmdk.S
Comment: StackMem used once
__initial_sp 00000400

Symbol: __initial_sp
   Definitions
      At line 64 in file ..\user_c\startup_rvmdk.S
   Uses
      At line 373 in file ..\user_c\startup_rvmdk.S
Comment: __initial_sp used once
3 symbols



ARM Macro Assembler    Page 1 Alphabetic symbol ordering
Relocatable symbols

HEAP 00000000

Symbol: HEAP
   Definitions
      At line 71 in file ..\user_c\startup_rvmdk.S
   Uses
      None
Comment: HEAP unused
HeapMem 00000000

Symbol: HeapMem
   Definitions
      At line 73 in file ..\user_c\startup_rvmdk.S
   Uses
      None
Comment: HeapMem unused
__heap_base 00000000

Symbol: __heap_base
   Definitions
      At line 72 in file ..\user_c\startup_rvmdk.S
   Uses
      At line 374 in file ..\user_c\startup_rvmdk.S
Comment: __heap_base used once
__heap_limit 00000000

Symbol: __heap_limit
   Definitions
      At line 75 in file ..\user_c\startup_rvmdk.S
   Uses
      At line 375 in file ..\user_c\startup_rvmdk.S
Comment: __heap_limit used once
4 symbols



ARM Macro Assembler    Page 1 Alphabetic symbol ordering
Relocatable symbols

FaultISR 00000294

Symbol: FaultISR
   Definitions
      At line 337 in file ..\user_c\startup_rvmdk.S
   Uses
      At line 125 in file ..\user_c\startup_rvmdk.S
      At line 338 in file ..\user_c\startup_rvmdk.S

IntDefaultHandler 00000296

Symbol: IntDefaultHandler
   Definitions
      At line 347 in file ..\user_c\startup_rvmdk.S
   Uses
      At line 126 in file ..\user_c\startup_rvmdk.S
      At line 127 in file ..\user_c\startup_rvmdk.S
      At line 128 in file ..\user_c\startup_rvmdk.S
      At line 133 in file ..\user_c\startup_rvmdk.S
      At line 134 in file ..\user_c\startup_rvmdk.S
      At line 136 in file ..\user_c\startup_rvmdk.S
      At line 139 in file ..\user_c\startup_rvmdk.S
      At line 140 in file ..\user_c\startup_rvmdk.S
      At line 141 in file ..\user_c\startup_rvmdk.S
      At line 142 in file ..\user_c\startup_rvmdk.S
      At line 145 in file ..\user_c\startup_rvmdk.S
      At line 146 in file ..\user_c\startup_rvmdk.S
      At line 147 in file ..\user_c\startup_rvmdk.S
      At line 148 in file ..\user_c\startup_rvmdk.S
      At line 149 in file ..\user_c\startup_rvmdk.S
      At line 150 in file ..\user_c\startup_rvmdk.S
      At line 151 in file ..\user_c\startup_rvmdk.S
      At line 153 in file ..\user_c\startup_rvmdk.S
      At line 154 in file ..\user_c\startup_rvmdk.S
      At line 155 in file ..\user_c\startup_rvmdk.S
      At line 163 in file ..\user_c\startup_rvmdk.S
      At line 164 in file ..\user_c\startup_rvmdk.S
      At line 165 in file ..\user_c\startup_rvmdk.S
      At line 166 in file ..\user_c\startup_rvmdk.S
      At line 167 in file ..\user_c\startup_rvmdk.S
      At line 168 in file ..\user_c\startup_rvmdk.S
      At line 169 in file ..\user_c\startup_rvmdk.S
      At line 170 in file ..\user_c\startup_rvmdk.S
      At line 171 in file ..\user_c\startup_rvmdk.S
      At line 172 in file ..\user_c\startup_rvmdk.S
      At line 175 in file ..\user_c\startup_rvmdk.S
      At line 176 in file ..\user_c\startup_rvmdk.S
      At line 179 in file ..\user_c\startup_rvmdk.S
      At line 181 in file ..\user_c\startup_rvmdk.S
      At line 182 in file ..\user_c\startup_rvmdk.S
      At line 183 in file ..\user_c\startup_rvmdk.S
      At line 184 in file ..\user_c\startup_rvmdk.S
      At line 185 in file ..\user_c\startup_rvmdk.S
      At line 186 in file ..\user_c\startup_rvmdk.S
      At line 187 in file ..\user_c\startup_rvmdk.S
      At line 188 in file ..\user_c\startup_rvmdk.S
      At line 189 in file ..\user_c\startup_rvmdk.S
      At line 192 in file ..\user_c\startup_rvmdk.S
      At line 193 in file ..\user_c\startup_rvmdk.S



ARM Macro Assembler    Page 2 Alphabetic symbol ordering
Relocatable symbols

      At line 194 in file ..\user_c\startup_rvmdk.S
      At line 195 in file ..\user_c\startup_rvmdk.S
      At line 196 in file ..\user_c\startup_rvmdk.S
      At line 198 in file ..\user_c\startup_rvmdk.S
      At line 201 in file ..\user_c\startup_rvmdk.S
      At line 206 in file ..\user_c\startup_rvmdk.S
      At line 207 in file ..\user_c\startup_rvmdk.S
      At line 231 in file ..\user_c\startup_rvmdk.S
      At line 232 in file ..\user_c\startup_rvmdk.S
      At line 233 in file ..\user_c\startup_rvmdk.S
      At line 234 in file ..\user_c\startup_rvmdk.S
      At line 235 in file ..\user_c\startup_rvmdk.S
      At line 236 in file ..\user_c\startup_rvmdk.S
      At line 237 in file ..\user_c\startup_rvmdk.S
      At line 238 in file ..\user_c\startup_rvmdk.S
      At line 239 in file ..\user_c\startup_rvmdk.S
      At line 240 in file ..\user_c\startup_rvmdk.S
      At line 241 in file ..\user_c\startup_rvmdk.S
      At line 242 in file ..\user_c\startup_rvmdk.S
      At line 243 in file ..\user_c\startup_rvmdk.S
      At line 244 in file ..\user_c\startup_rvmdk.S
      At line 245 in file ..\user_c\startup_rvmdk.S
      At line 246 in file ..\user_c\startup_rvmdk.S
      At line 247 in file ..\user_c\startup_rvmdk.S
      At line 248 in file ..\user_c\startup_rvmdk.S
      At line 251 in file ..\user_c\startup_rvmdk.S
      At line 252 in file ..\user_c\startup_rvmdk.S
      At line 254 in file ..\user_c\startup_rvmdk.S
      At line 255 in file ..\user_c\startup_rvmdk.S
      At line 256 in file ..\user_c\startup_rvmdk.S
      At line 257 in file ..\user_c\startup_rvmdk.S
      At line 258 in file ..\user_c\startup_rvmdk.S
      At line 259 in file ..\user_c\startup_rvmdk.S
      At line 260 in file ..\user_c\startup_rvmdk.S
      At line 261 in file ..\user_c\startup_rvmdk.S
      At line 262 in file ..\user_c\startup_rvmdk.S
      At line 263 in file ..\user_c\startup_rvmdk.S
      At line 264 in file ..\user_c\startup_rvmdk.S
      At line 265 in file ..\user_c\startup_rvmdk.S
      At line 266 in file ..\user_c\startup_rvmdk.S
      At line 267 in file ..\user_c\startup_rvmdk.S
      At line 268 in file ..\user_c\startup_rvmdk.S
      At line 269 in file ..\user_c\startup_rvmdk.S
      At line 270 in file ..\user_c\startup_rvmdk.S
      At line 271 in file ..\user_c\startup_rvmdk.S
      At line 272 in file ..\user_c\startup_rvmdk.S
      At line 273 in file ..\user_c\startup_rvmdk.S
      At line 274 in file ..\user_c\startup_rvmdk.S
      At line 275 in file ..\user_c\startup_rvmdk.S
      At line 276 in file ..\user_c\startup_rvmdk.S
      At line 348 in file ..\user_c\startup_rvmdk.S

NmiSR 00000292

Symbol: NmiSR
   Definitions
      At line 327 in file ..\user_c\startup_rvmdk.S
   Uses
      At line 124 in file ..\user_c\startup_rvmdk.S



ARM Macro Assembler    Page 3 Alphabetic symbol ordering
Relocatable symbols

      At line 328 in file ..\user_c\startup_rvmdk.S

RESET 00000000

Symbol: RESET
   Definitions
      At line 89 in file ..\user_c\startup_rvmdk.S
   Uses
      None
Comment: RESET unused
Reset_Handler 0000026C

Symbol: Reset_Handler
   Definitions
      At line 285 in file ..\user_c\startup_rvmdk.S
   Uses
      At line 123 in file ..\user_c\startup_rvmdk.S
      At line 284 in file ..\user_c\startup_rvmdk.S

__Vectors 00000000

Symbol: __Vectors
   Definitions
      At line 121 in file ..\user_c\startup_rvmdk.S
   Uses
      At line 120 in file ..\user_c\startup_rvmdk.S
Comment: __Vectors used once
zero_loop 00000286

Symbol: zero_loop
   Definitions
      At line 307 in file ..\user_c\startup_rvmdk.S
   Uses
      At line 310 in file ..\user_c\startup_rvmdk.S
Comment: zero_loop used once
7 symbols



ARM Macro Assembler    Page 1 Alphabetic symbol ordering
Relocatable symbols

.text 00000000

Symbol: .text
   Definitions
      At line 362 in file ..\user_c\startup_rvmdk.S
   Uses
      None
Comment: .text unused
1 symbol



ARM Macro Assembler    Page 1 Alphabetic symbol ordering
Absolute symbols

Heap 00000000

Symbol: Heap
   Definitions
      At line 54 in file ..\user_c\startup_rvmdk.S
   Uses
      At line 74 in file ..\user_c\startup_rvmdk.S
Comment: Heap used once
RAM_SIZE 00008000

Symbol: RAM_SIZE
   Definitions
      At line 47 in file ..\user_c\startup_rvmdk.S
   Uses
      At line 306 in file ..\user_c\startup_rvmdk.S
Comment: RAM_SIZE used once
Stack 00000400

Symbol: Stack
   Definitions
      At line 46 in file ..\user_c\startup_rvmdk.S
   Uses
      At line 63 in file ..\user_c\startup_rvmdk.S
      At line 122 in file ..\user_c\startup_rvmdk.S

3 symbols



ARM Macro Assembler    Page 1 Alphabetic symbol ordering
External symbols

ADC0Handler 00000000

Symbol: ADC0Handler
   Definitions
      At line 93 in file ..\user_c\startup_rvmdk.S
   Uses
      At line 152 in file ..\user_c\startup_rvmdk.S
Comment: ADC0Handler used once
CAN0Handler 00000000

Symbol: CAN0Handler
   Definitions
      At line 113 in file ..\user_c\startup_rvmdk.S
   Uses
      At line 177 in file ..\user_c\startup_rvmdk.S
Comment: CAN0Handler used once
CAN1Handler 00000000

Symbol: CAN1Handler
   Definitions
      At line 114 in file ..\user_c\startup_rvmdk.S
   Uses
      At line 178 in file ..\user_c\startup_rvmdk.S
Comment: CAN1Handler used once
GPIOAHandler 00000000

Symbol: GPIOAHandler
   Definitions
      At line 110 in file ..\user_c\startup_rvmdk.S
   Uses
      At line 138 in file ..\user_c\startup_rvmdk.S
Comment: GPIOAHandler used once
GPIOMHandler 00000000

Symbol: GPIOMHandler
   Definitions
      At line 111 in file ..\user_c\startup_rvmdk.S
   Uses
      At line 249 in file ..\user_c\startup_rvmdk.S
Comment: GPIOMHandler used once
GPIONHandler 00000000

Symbol: GPIONHandler
   Definitions
      At line 112 in file ..\user_c\startup_rvmdk.S
   Uses
      At line 250 in file ..\user_c\startup_rvmdk.S
Comment: GPIONHandler used once
SysTickIntHandler 00000000

Symbol: SysTickIntHandler
   Definitions
      At line 92 in file ..\user_c\startup_rvmdk.S
   Uses
      At line 137 in file ..\user_c\startup_rvmdk.S
Comment: SysTickIntHandler used once
Timer0AIntHandler 00000000

Symbol: Timer0AIntHandler



ARM Macro Assembler    Page 2 Alphabetic symbol ordering
External symbols

   Definitions
      At line 99 in file ..\user_c\startup_rvmdk.S
   Uses
      At line 157 in file ..\user_c\startup_rvmdk.S
Comment: Timer0AIntHandler used once
Timer0BIntHandler 00000000

Symbol: Timer0BIntHandler
   Definitions
      At line 100 in file ..\user_c\startup_rvmdk.S
   Uses
      At line 158 in file ..\user_c\startup_rvmdk.S
Comment: Timer0BIntHandler used once
Timer1AIntHandler 00000000

Symbol: Timer1AIntHandler
   Definitions
      At line 101 in file ..\user_c\startup_rvmdk.S
   Uses
      At line 159 in file ..\user_c\startup_rvmdk.S
Comment: Timer1AIntHandler used once
Timer1BIntHandler 00000000

Symbol: Timer1BIntHandler
   Definitions
      At line 102 in file ..\user_c\startup_rvmdk.S
   Uses
      At line 160 in file ..\user_c\startup_rvmdk.S
Comment: Timer1BIntHandler used once
Timer2AIntHandler 00000000

Symbol: Timer2AIntHandler
   Definitions
      At line 103 in file ..\user_c\startup_rvmdk.S
   Uses
      At line 161 in file ..\user_c\startup_rvmdk.S
Comment: Timer2AIntHandler used once
Timer2BIntHandler 00000000

Symbol: Timer2BIntHandler
   Definitions
      At line 104 in file ..\user_c\startup_rvmdk.S
   Uses
      At line 162 in file ..\user_c\startup_rvmdk.S
Comment: Timer2BIntHandler used once
Timer3AIntHandler 00000000

Symbol: Timer3AIntHandler
   Definitions
      At line 105 in file ..\user_c\startup_rvmdk.S
   Uses
      At line 173 in file ..\user_c\startup_rvmdk.S
Comment: Timer3AIntHandler used once
Timer3BIntHandler 00000000

Symbol: Timer3BIntHandler
   Definitions
      At line 106 in file ..\user_c\startup_rvmdk.S
   Uses



ARM Macro Assembler    Page 3 Alphabetic symbol ordering
External symbols

      At line 174 in file ..\user_c\startup_rvmdk.S
Comment: Timer3BIntHandler used once
Timer4AIntHandler 00000000

Symbol: Timer4AIntHandler
   Definitions
      At line 107 in file ..\user_c\startup_rvmdk.S
   Uses
      At line 208 in file ..\user_c\startup_rvmdk.S
Comment: Timer4AIntHandler used once
Timer4BIntHandler 00000000

Symbol: Timer4BIntHandler
   Definitions
      At line 108 in file ..\user_c\startup_rvmdk.S
   Uses
      At line 209 in file ..\user_c\startup_rvmdk.S
Comment: Timer4BIntHandler used once
Timer5AIntHandler 00000000

Symbol: Timer5AIntHandler
   Definitions
      At line 109 in file ..\user_c\startup_rvmdk.S
   Uses
      At line 230 in file ..\user_c\startup_rvmdk.S
Comment: Timer5AIntHandler used once
UART0IntHandler 00000000

Symbol: UART0IntHandler
   Definitions
      At line 94 in file ..\user_c\startup_rvmdk.S
   Uses
      At line 143 in file ..\user_c\startup_rvmdk.S
Comment: UART0IntHandler used once
UART1IntHandler 00000000

Symbol: UART1IntHandler
   Definitions
      At line 95 in file ..\user_c\startup_rvmdk.S
   Uses
      At line 144 in file ..\user_c\startup_rvmdk.S
Comment: UART1IntHandler used once
UART3IntHandler 00000000

Symbol: UART3IntHandler
   Definitions
      At line 96 in file ..\user_c\startup_rvmdk.S
   Uses
      At line 197 in file ..\user_c\startup_rvmdk.S
Comment: UART3IntHandler used once
UART5IntHandler 00000000

Symbol: UART5IntHandler
   Definitions
      At line 97 in file ..\user_c\startup_rvmdk.S
   Uses
      At line 199 in file ..\user_c\startup_rvmdk.S
Comment: UART5IntHandler used once
UART6IntHandler 00000000



ARM Macro Assembler    Page 4 Alphabetic symbol ordering
External symbols


Symbol: UART6IntHandler
   Definitions
      At line 98 in file ..\user_c\startup_rvmdk.S
   Uses
      At line 200 in file ..\user_c\startup_rvmdk.S
Comment: UART6IntHandler used once
WatchDogHandler 00000000

Symbol: WatchDogHandler
   Definitions
      At line 91 in file ..\user_c\startup_rvmdk.S
   Uses
      At line 156 in file ..\user_c\startup_rvmdk.S
Comment: WatchDogHandler used once
__main 00000000

Symbol: __main
   Definitions
      At line 317 in file ..\user_c\startup_rvmdk.S
   Uses
      At line 318 in file ..\user_c\startup_rvmdk.S
Comment: __main used once
25 symbols
376 symbols in table
